   Compiling execution v0.1.0 (file:///Users/robertclaus/IdeaProjects/hustle/hustle/execution)
warning: unused import: `physical_plan::parser::parse`
  --> src/lib.rs:10:5
   |
10 | use physical_plan::parser::parse;
   |     ^^^^^^^^^^^^^^^^^^^^^^^^^^^^
   |
   = note: #[warn(unused_imports)] on by default

warning: unused import: `physical_plan::parser::parse`
  --> src/lib.rs:10:5
   |
10 | use physical_plan::parser::parse;
   |     ^^^^^^^^^^^^^^^^^^^^^^^^^^^^
   |
   = note: #[warn(unused_imports)] on by default

warning: unused variable: `name`
  --> src/lib.rs:13:28
   |
13 | pub extern fn execute_plan(name: *const c_char) -> (){
   |                            ^^^^ help: consider using `_name` instead
   |
   = note: #[warn(unused_variables)] on by default

warning: unused variable: `name`
  --> src/lib.rs:13:28
   |
13 | pub extern fn execute_plan(name: *const c_char) -> (){
   |                            ^^^^ help: consider using `_name` instead
   |
   = note: #[warn(unused_variables)] on by default

    Finished dev [optimized + debuginfo] target(s) in 4.36s
     Running target/debug/deps/execution-b9926f07ff58892b
     Running target/debug/deps/execution-ae1048062dfff00d
     Running target/debug/deps/double_join_test-f859250246f90dcc
     Running target/debug/deps/integration_test-69940d64c998b749
     Running target/debug/deps/parser_test-cbf12aa1983525f9
   Doc-tests execution
